Clock: ctrl_inc
Sources: pad_raw[1] 
Generated: no
Virtual: yes
Propagated: no
Period: 10.000000

===========================================================================
report_clock_properties
============================================================================
Clock                   Period          Waveform
----------------------------------------------------
ctrl_inc             10.000000    0.000000  5.000000

===========================================================================
report_clock_latency
============================================================================
Clock ctrl_inc
rise -> rise
    min     max
0.000000 0.000000 source latency
1.603926         network latency top_I.ctrl_I/sel_cnt_gen[0].cnt_bit_I.cell0_I/CLK
        1.713156 network latency top_I.ctrl_I/sel_cnt_gen[1].cnt_bit_I.cell0_I/CLK
---------------
1.603926 1.713156 latency
        0.109230 skew

rise -> fall
    min     max
0.000000 0.000000 source latency
1.722521         network latency top_I.ctrl_I/sel_cnt_gen[1].cnt_bit_I.cell0_I/CLK
        1.724132 network latency top_I.ctrl_I/sel_cnt_gen[1].cnt_bit_I.cell0_I/CLK
---------------
1.722521 1.724132 latency
        0.001611 skew

fall -> fall
    min     max
0.000000 0.000000 source latency
1.599260         network latency top_I.ctrl_I/sel_cnt_gen[0].cnt_bit_I.cell0_I/CLK
        1.600650 network latency top_I.ctrl_I/sel_cnt_gen[0].cnt_bit_I.cell0_I/CLK
---------------
1.599260 1.600650 latency
        0.001390 skew



===========================================================================
report_clock_min_period
============================================================================
ctrl_inc period_min = 0.19 fmax = 5278.95
