35. Printing statistics.

=== tt_ihp_wrapper ===

   Number of wires:              33862
   Number of wire bits:          33925
   Number of public wires:       33862
   Number of public wire bits:   33925
   Number of ports:                  1
   Number of port bits:             64
   Number of memories:               0
   Number of memory bits:            0
   Number of processes:              0
   Number of cells:                105
     sg13g2_IOPadIOVdd               5
     sg13g2_IOPadIOVss              23
     sg13g2_IOPadIn                 16
     sg13g2_IOPadInOut30mA           8
     sg13g2_IOPadOut30mA             8
     sg13g2_IOPadVdd                 2
     sg13g2_IOPadVss                 2
     tt_ctrl                         1
     tt_logo_bottom                  1
     tt_logo_corner                  1
     tt_logo_top                     1
     tt_mux                         17
     tt_pg_1v5_ll_1                  8
     tt_pg_1v5_ll_2                  2
     tt_um_aksp_mbist_mbisr          1
     tt_um_chip_rom                  1
     tt_um_factory_test              1
     tt_um_rebeccargb_hardware_utf8      1
     tt_um_rebeccargb_intercal_alu      1
     tt_um_rebeccargb_universal_decoder      1
     tt_um_rebeccargb_vga_pride      1
     tt_um_rejunity_vga_logo         1
     tt_um_silicon_art               1
     tt_um_urish_simon               1

   Area for cell type \tt_mux is unknown!
   Area for cell type \tt_pg_1v5_ll_1 is unknown!
   Area for cell type \tt_pg_1v5_ll_2 is unknown!
   Area for cell type \tt_ctrl is unknown!
   Area for cell type \tt_logo_top is unknown!
   Area for cell type \tt_logo_bottom is unknown!
   Area for cell type \tt_logo_corner is unknown!
   Area for cell type \sg13g2_IOPadIn is unknown!
   Area for cell type \sg13g2_IOPadOut30mA is unknown!
   Area for cell type \sg13g2_IOPadInOut30mA is unknown!
   Area for cell type \sg13g2_IOPadIOVss is unknown!
   Area for cell type \sg13g2_IOPadIOVdd is unknown!
   Area for cell type \sg13g2_IOPadVss is unknown!
   Area for cell type \sg13g2_IOPadVdd is unknown!
   Area for cell type \tt_um_chip_rom is unknown!
   Area for cell type \tt_um_factory_test is unknown!
   Area for cell type \tt_um_rejunity_vga_logo is unknown!
   Area for cell type \tt_um_rebeccargb_vga_pride is unknown!
   Area for cell type \tt_um_aksp_mbist_mbisr is unknown!
   Area for cell type \tt_um_silicon_art is unknown!
   Area for cell type \tt_um_urish_simon is unknown!
   Area for cell type \tt_um_rebeccargb_intercal_alu is unknown!
   Area for cell type \tt_um_rebeccargb_hardware_utf8 is unknown!
   Area for cell type \tt_um_rebeccargb_universal_decoder is unknown!

